Started GET "/tasks/" for ::1 at 2023-07-27 07:51:51 +0900
  
ActionController::RoutingError (No route matches [GET] "/tasks"):
  
Started GET "/search" for ::1 at 2023-07-27 07:52:06 +0900
  
ActionController::RoutingError (No route matches [GET] "/search"):
  
Started GET "/search" for ::1 at 2023-07-27 07:52:09 +0900
  
ActionController::RoutingError (No route matches [GET] "/search"):
  
Started GET "/" for ::1 at 2023-07-27 07:52:44 +0900
Processing by Rails::WelcomeController#index as HTML
  Rendering C:/Ruby32-x64/lib/ruby/gems/3.2.0/gems/railties-7.0.6/lib/rails/templates/rails/welcome/index.html.erb
  Rendered C:/Ruby32-x64/lib/ruby/gems/3.2.0/gems/railties-7.0.6/lib/rails/templates/rails/welcome/index.html.erb (Duration: 44.7ms | Allocations: 281)
Completed 200 OK in 139ms (Views: 49.1ms | ActiveRecord: 0.0ms | Allocations: 3030)


Started GET "/search" for ::1 at 2023-07-27 07:53:06 +0900
  
ActionController::RoutingError (No route matches [GET] "/search"):
  
Started GET "/search" for ::1 at 2023-07-27 07:56:28 +0900
Processing by SearchController#search as HTML
  Rendering layout layouts/application.html.erb
  Rendering search/search.html.erb within layouts/application
  Rendered search/search.html.erb within layouts/application (Duration: 1.3ms | Allocations: 113)
  Rendered layout layouts/application.html.erb (Duration: 1383.7ms | Allocations: 83721)
Completed 500 Internal Server Error in 1403ms (Allocations: 84669)


  
ActionView::Template::Error (Permission denied @ rb_file_s_rename - (C:/programing/rails/api_test/postal_code_search/tmp/cache/assets/sprockets/v4.0.0/QC/QCwEf2SDw1RQQaoE0FRIjjFB_nSgXOv5m2xysMM6cH8.cache.30120.19252.930586, C:/programing/rails/api_test/postal_code_search/tmp/cache/assets/sprockets/v4.0.0/QC/QCwEf2SDw1RQQaoE0FRIjjFB_nSgXOv5m2xysMM6cH8.cache)):
  
sprockets (4.2.0) lib/sprockets/path_utils.rb:362:in `rename'
sprockets (4.2.0) lib/sprockets/path_utils.rb:362:in `atomic_write'
sprockets (4.2.0) lib/sprockets/cache/file_store.rb:112:in `set'
sprockets (4.2.0) lib/sprockets/cache.rb:227:in `set'
sprockets (4.2.0) lib/sprockets/cache.rb:143:in `set'
sprockets (4.2.0) lib/sprockets/loader.rb:341:in `fetch_asset_from_dependency_cache'
sprockets (4.2.0) lib/sprockets/loader.rb:43:in `load'
sprockets (4.2.0) lib/sprockets/cached_environment.rb:44:in `block in load'
concurrent-ruby (1.2.2) lib/concurrent-ruby/concurrent/map.rb:207:in `block in fetch_or_store'
concurrent-ruby (1.2.2) lib/concurrent-ruby/concurrent/map.rb:187:in `fetch'
concurrent-ruby (1.2.2) lib/concurrent-ruby/concurrent/map.rb:206:in `fetch_or_store'
sprockets (4.2.0) lib/sprockets/cached_environment.rb:44:in `load'
sprockets (4.2.0) lib/sprockets/bundle.rb:27:in `call'
sprockets (4.2.0) lib/sprockets/processor_utils.rb:84:in `call_processor'
sprockets (4.2.0) lib/sprockets/processor_utils.rb:66:in `block in call_processors'
sprockets (4.2.0) lib/sprockets/processor_utils.rb:65:in `reverse_each'
sprockets (4.2.0) lib/sprockets/processor_utils.rb:65:in `call_processors'
sprockets (4.2.0) lib/sprockets/loader.rb:182:in `load_from_unloaded'
sprockets (4.2.0) lib/sprockets/loader.rb:59:in `block in load'
sprockets (4.2.0) lib/sprockets/loader.rb:337:in `fetch_asset_from_dependency_cache'
sprockets (4.2.0) lib/sprockets/loader.rb:43:in `load'
sprockets (4.2.0) lib/sprockets/cached_environment.rb:44:in `block in load'
concurrent-ruby (1.2.2) lib/concurrent-ruby/concurrent/map.rb:207:in `block in fetch_or_store'
concurrent-ruby (1.2.2) lib/concurrent-ruby/concurrent/map.rb:187:in `fetch'
concurrent-ruby (1.2.2) lib/concurrent-ruby/concurrent/map.rb:206:in `fetch_or_store'
sprockets (4.2.0) lib/sprockets/cached_environment.rb:44:in `load'
sprockets (4.2.0) lib/sprockets/bundle.rb:32:in `block in call'
C:/Ruby32-x64/lib/ruby/3.2.0/set.rb:511:in `each_key'
C:/Ruby32-x64/lib/ruby/3.2.0/set.rb:511:in `each'
sprockets (4.2.0) lib/sprockets/bundle.rb:31:in `call'
sprockets (4.2.0) lib/sprockets/processor_utils.rb:84:in `call_processor'
sprockets (4.2.0) lib/sprockets/processor_utils.rb:66:in `block in call_processors'
sprockets (4.2.0) lib/sprockets/processor_utils.rb:65:in `reverse_each'
sprockets (4.2.0) lib/sprockets/processor_utils.rb:65:in `call_processors'
sprockets (4.2.0) lib/sprockets/loader.rb:182:in `load_from_unloaded'
sprockets (4.2.0) lib/sprockets/loader.rb:59:in `block in load'
sprockets (4.2.0) lib/sprockets/loader.rb:337:in `fetch_asset_from_dependency_cache'
sprockets (4.2.0) lib/sprockets/loader.rb:43:in `load'
sprockets (4.2.0) lib/sprockets/cached_environment.rb:44:in `block in load'
concurrent-ruby (1.2.2) lib/concurrent-ruby/concurrent/map.rb:207:in `block in fetch_or_store'
concurrent-ruby (1.2.2) lib/concurrent-ruby/concurrent/map.rb:187:in `fetch'
concurrent-ruby (1.2.2) lib/concurrent-ruby/concurrent/map.rb:206:in `fetch_or_store'
sprockets (4.2.0) lib/sprockets/cached_environment.rb:44:in `load'
sprockets (4.2.0) lib/sprockets/base.rb:81:in `find_asset'
sprockets (4.2.0) lib/sprockets/base.rb:88:in `find_all_linked_assets'
sprockets (4.2.0) lib/sprockets/manifest.rb:125:in `each'
sprockets (4.2.0) lib/sprockets/manifest.rb:125:in `to_a'
sprockets (4.2.0) lib/sprockets/manifest.rb:125:in `block (2 levels) in find'
concurrent-ruby (1.2.2) lib/concurrent-ruby/concurrent/executor/safe_task_executor.rb:24:in `block in execute'
concurrent-ruby (1.2.2) lib/concurrent-ruby/concurrent/synchronization/mutex_lockable_object.rb:48:in `block in synchronize'
concurrent-ruby (1.2.2) lib/concurrent-ruby/concurrent/synchronization/mutex_lockable_object.rb:48:in `synchronize'
concurrent-ruby (1.2.2) lib/concurrent-ruby/concurrent/synchronization/mutex_lockable_object.rb:48:in `synchronize'
concurrent-ruby (1.2.2) lib/concurrent-ruby/concurrent/executor/safe_task_executor.rb:22:in `execute'
concurrent-ruby (1.2.2) lib/concurrent-ruby/concurrent/promise.rb:564:in `block in realize'
concurrent-ruby (1.2.2) lib/concurrent-ruby/concurrent/executor/ruby_thread_pool_executor.rb:352:in `run_task'
concurrent-ruby (1.2.2) lib/concurrent-ruby/concurrent/executor/ruby_thread_pool_executor.rb:343:in `block (3 levels) in create_worker'
concurrent-ruby (1.2.2) lib/concurrent-ruby/concurrent/executor/ruby_thread_pool_executor.rb:334:in `loop'
concurrent-ruby (1.2.2) lib/concurrent-ruby/concurrent/executor/ruby_thread_pool_executor.rb:334:in `block (2 levels) in create_worker'
concurrent-ruby (1.2.2) lib/concurrent-ruby/concurrent/executor/ruby_thread_pool_executor.rb:333:in `catch'
concurrent-ruby (1.2.2) lib/concurrent-ruby/concurrent/executor/ruby_thread_pool_executor.rb:333:in `block in create_worker'
Started GET "/search" for ::1 at 2023-07-27 08:03:32 +0900
Processing by SearchController#search as HTML
  Rendering layout layouts/application.html.erb
  Rendering search/search.html.erb within layouts/application
  Rendered search/search.html.erb within layouts/application (Duration: 0.1ms | Allocations: 7)
  Rendered layout layouts/application.html.erb (Duration: 195.7ms | Allocations: 32343)
Completed 200 OK in 203ms (Views: 197.5ms | Allocations: 32630)


Started GET "/search" for ::1 at 2023-07-27 08:27:41 +0900
  
SyntaxError (C:/programing/rails/api_test/postal_code_search/app/controllers/search_controller.rb:5: syntax error, unexpected ':', expecting '}'
... = URI.encode_www_form{zipcode: postal_code}
...                              ^
):
  
app/controllers/search_controller.rb:5: syntax error, unexpected ':', expecting '}'
app/controllers/search_controller.rb:5: syntax error, unexpected ':', expecting '}'
app/controllers/search_controller.rb:5: syntax error, unexpected ':', expecting '}'
Started GET "/search" for ::1 at 2023-07-27 08:27:59 +0900
  
SyntaxError (C:/programing/rails/api_test/postal_code_search/app/controllers/search_controller.rb:5: syntax error, unexpected ':', expecting '}'
... = URI.encode_www_form{zipcode: postal_code}
...                              ^
):
  
app/controllers/search_controller.rb:5: syntax error, unexpected ':', expecting '}'
app/controllers/search_controller.rb:5: syntax error, unexpected ':', expecting '}'
app/controllers/search_controller.rb:5: syntax error, unexpected ':', expecting '}'
Started GET "/search" for ::1 at 2023-07-27 08:29:09 +0900
Processing by SearchController#search as HTML
  Rendering layout layouts/application.html.erb
  Rendering search/search.html.erb within layouts/application
  Rendered search/search.html.erb within layouts/application (Duration: 10.5ms | Allocations: 196)
  Rendered layout layouts/application.html.erb (Duration: 182.7ms | Allocations: 14651)
Completed 200 OK in 203ms (Views: 195.4ms | Allocations: 15531)


Started GET "/search?postal_code=1350001" for ::1 at 2023-07-27 08:29:38 +0900
Processing by SearchController#search as HTML
  Parameters: {"postal_code"=>"1350001"}
Completed 500 Internal Server Error in 6ms (Allocations: 527)


  
NameError (uninitialized constant Net::HTTP):
  
app/controllers/search_controller.rb:7:in `search'
Started GET "/search" for ::1 at 2023-07-27 08:29:48 +0900
Processing by SearchController#search as HTML
  Rendering layout layouts/application.html.erb
  Rendering search/search.html.erb within layouts/application
  Rendered search/search.html.erb within layouts/application (Duration: 0.1ms | Allocations: 7)
  Rendered layout layouts/application.html.erb (Duration: 16.6ms | Allocations: 3008)
Completed 200 OK in 24ms (Views: 18.4ms | Allocations: 3294)


Started GET "/search?postal_code=1350001" for ::1 at 2023-07-27 08:29:54 +0900
Processing by SearchController#search as HTML
  Parameters: {"postal_code"=>"1350001"}
Completed 500 Internal Server Error in 5ms (Allocations: 486)


  
NameError (uninitialized constant Net::HTTP):
  
app/controllers/search_controller.rb:7:in `search'
Started GET "/search" for ::1 at 2023-07-27 08:33:13 +0900
Processing by SearchController#search as HTML
  Rendering layout layouts/application.html.erb
  Rendering search/search.html.erb within layouts/application
  Rendered search/search.html.erb within layouts/application (Duration: 0.1ms | Allocations: 7)
  Rendered layout layouts/application.html.erb (Duration: 15.0ms | Allocations: 3001)
Completed 200 OK in 22ms (Views: 16.7ms | Allocations: 3287)


Started GET "/search?postal_code=1350001" for ::1 at 2023-07-27 08:33:20 +0900
Processing by SearchController#search as HTML
  Parameters: {"postal_code"=>"1350001"}
Completed 500 Internal Server Error in 5ms (Allocations: 486)


  
NameError (uninitialized constant Net::HTTP):
  
app/controllers/search_controller.rb:7:in `search'
Started GET "/search" for ::1 at 2023-07-27 08:41:54 +0900
Processing by SearchController#search as HTML
  Rendering layout layouts/application.html.erb
  Rendering search/search.html.erb within layouts/application
  Rendered search/search.html.erb within layouts/application (Duration: 24.5ms | Allocations: 437)
  Rendered layout layouts/application.html.erb (Duration: 876.2ms | Allocations: 37506)
Completed 200 OK in 1245ms (Views: 961.7ms | ActiveRecord: 0.0ms | Allocations: 42113)


Started GET "/search?postal_code=1350001" for ::1 at 2023-07-27 08:42:01 +0900
Processing by SearchController#search as HTML
  Parameters: {"postal_code"=>"1350001"}
Completed 500 Internal Server Error in 10ms (ActiveRecord: 0.0ms | Allocations: 827)


  
SocketError (Failed to open TCP connection to zipcloud.ibsnet.co,jp:80 (getaddrinfo: そのようなホストは不明です。 )):
  
app/controllers/search_controller.rb:10:in `search'
Started GET "/search" for ::1 at 2023-07-27 08:49:07 +0900
Processing by SearchController#search as HTML
  Rendering layout layouts/application.html.erb
  Rendering search/search.html.erb within layouts/application
  Rendered search/search.html.erb within layouts/application (Duration: 0.1ms | Allocations: 10)
  Rendered layout layouts/application.html.erb (Duration: 58.0ms | Allocations: 14259)
Completed 200 OK in 66ms (Views: 61.4ms | Allocations: 14810)


Started GET "/search?postal_code=1350001" for ::1 at 2023-07-27 08:49:16 +0900
Processing by SearchController#search as HTML
  Parameters: {"postal_code"=>"1350001"}
  Rendering layout layouts/application.html.erb
  Rendering search/search.html.erb within layouts/application
  Rendered search/search.html.erb within layouts/application (Duration: 0.1ms | Allocations: 11)
  Rendered layout layouts/application.html.erb (Duration: 16.4ms | Allocations: 3012)
Completed 200 OK in 1319ms (Views: 18.1ms | Allocations: 3916)


Started GET "/search?postal_code=6540052" for ::1 at 2023-07-27 08:50:19 +0900
Processing by SearchController#search as HTML
  Parameters: {"postal_code"=>"6540052"}
  Rendering layout layouts/application.html.erb
  Rendering search/search.html.erb within layouts/application
  Rendered search/search.html.erb within layouts/application (Duration: 0.1ms | Allocations: 11)
  Rendered layout layouts/application.html.erb (Duration: 14.8ms | Allocations: 3003)
Completed 200 OK in 301ms (Views: 16.7ms | Allocations: 3732)


Started GET "/search?postal_code=0000000" for ::1 at 2023-07-27 08:50:37 +0900
Processing by SearchController#search as HTML
  Parameters: {"postal_code"=>"0000000"}
  Rendering layout layouts/application.html.erb
  Rendering search/search.html.erb within layouts/application
  Rendered search/search.html.erb within layouts/application (Duration: 0.1ms | Allocations: 7)
  Rendered layout layouts/application.html.erb (Duration: 14.4ms | Allocations: 2992)
Completed 200 OK in 273ms (Views: 16.1ms | Allocations: 3703)


Started GET "/search?postal_code=6245122" for ::1 at 2023-07-27 08:50:51 +0900
Processing by SearchController#search as HTML
  Parameters: {"postal_code"=>"6245122"}
  Rendering layout layouts/application.html.erb
  Rendering search/search.html.erb within layouts/application
  Rendered search/search.html.erb within layouts/application (Duration: 0.1ms | Allocations: 7)
  Rendered layout layouts/application.html.erb (Duration: 21.1ms | Allocations: 3016)
Completed 200 OK in 301ms (Views: 22.9ms | Allocations: 3725)


Started GET "/search?postal_code=6800823" for ::1 at 2023-07-27 08:51:00 +0900
Processing by SearchController#search as HTML
  Parameters: {"postal_code"=>"6800823"}
  Rendering layout layouts/application.html.erb
  Rendering search/search.html.erb within layouts/application
  Rendered search/search.html.erb within layouts/application (Duration: 0.1ms | Allocations: 11)
  Rendered layout layouts/application.html.erb (Duration: 15.3ms | Allocations: 3022)
Completed 200 OK in 471ms (Views: 17.2ms | Allocations: 3756)


Started GET "/search?postal_code=6541002" for ::1 at 2023-07-27 08:51:14 +0900
Processing by SearchController#search as HTML
  Parameters: {"postal_code"=>"6541002"}
  Rendering layout layouts/application.html.erb
  Rendering search/search.html.erb within layouts/application
  Rendered search/search.html.erb within layouts/application (Duration: 0.1ms | Allocations: 7)
  Rendered layout layouts/application.html.erb (Duration: 14.6ms | Allocations: 3009)
Completed 200 OK in 307ms (Views: 16.4ms | Allocations: 3716)


Started GET "/search?postal_code=6540123" for ::1 at 2023-07-27 08:51:23 +0900
Processing by SearchController#search as HTML
  Parameters: {"postal_code"=>"6540123"}
  Rendering layout layouts/application.html.erb
  Rendering search/search.html.erb within layouts/application
  Rendered search/search.html.erb within layouts/application (Duration: 0.1ms | Allocations: 11)
  Rendered layout layouts/application.html.erb (Duration: 14.6ms | Allocations: 3006)
Completed 200 OK in 293ms (Views: 16.3ms | Allocations: 3734)


